<?xml version="1.0" encoding="UTF-8"?>
<!-- Generated by org.testng.reporters.JUnitXMLReporter -->
<testsuite hostname="DESKTOP-AHN7MSQ" ignored="1" name="Test" tests="2" failures="0" timestamp="11 Oct 2020 13:14:23 GMT" time="13.677" errors="0">
  <testcase name="hitUrl" time="6.66" classname="demo.TestJava"/>
  <testcase name="titleValidation" time="0.13" classname="demo.TestJava"/>
  <testcase name="getScreenshot" time="0.0" classname="demo.TestJava">
    <ignored/>
  </testcase> <!-- getScreenshot -->
</testsuite> <!-- Test -->
