<?xml version="1.0" encoding="UTF-8"?>
<!-- Generated by org.testng.reporters.JUnitXMLReporter -->
<testsuite hostname="DESKTOP-AHN7MSQ" ignored="0" name="Default test" tests="3" failures="0" timestamp="08 Oct 2020 13:13:50 GMT" time="36.981" errors="0">
  <testcase name="displayed" time="8.997" classname="Module.allTogether.EnabledDisplayed"/>
  <testcase name="enabled" time="9.392" classname="Module.allTogether.EnabledDisplayed"/>
  <testcase name="isselected" time="18.561" classname="Module.allTogether.EnabledDisplayed"/>
</testsuite> <!-- Default test -->
